2020-05-25 01:18:58,171 INFO com.bootng.RestApplication [main] Starting RestApplication on SIDDs-MacBook-Pro-P.local with PID 20370 (/Users/siddbhattacharjee/Siddhartharoot/SiddXCode/repo_2020_all/bootng/spring-boot-references/sping-boot-profiles/target/classes started by siddbhattacharjee in /Users/siddbhattacharjee/Siddhartharoot/SiddXCode/repo_2020_all/bootng/spring-boot-references/sping-boot-profiles)
2020-05-25 01:18:58,172 INFO com.bootng.RestApplication [main] The following profiles are active: prod
2020-05-25 01:18:58,914 INFO org.apache.catalina.core.StandardService [main] Starting service [Tomcat]
2020-05-25 01:18:58,914 INFO org.apache.catalina.core.StandardEngine [main] Starting Servlet engine: [Apache Tomcat/9.0.33]
2020-05-25 01:18:59,013 INFO org.apache.catalina.core.ContainerBase.[Tomcat].[localhost].[/] [main] Initializing Spring embedded WebApplicationContext
2020-05-25 01:18:59,490 INFO com.bootng.RestApplication [main] Started RestApplication in 1.787 seconds (JVM running for 2.066)
2020-05-25 01:18:59,491 INFO com.bootng.RestApplication [main] completed executing RestApplication.run()
2020-05-25 01:24:24,546 INFO org.apache.catalina.core.ContainerBase.[Tomcat].[localhost].[/] [http-nio-8080-exec-1] Initializing Spring DispatcherServlet 'dispatcherServlet'
2020-05-25 01:24:24,570 INFO com.bootng.ProfileController [http-nio-8080-exec-1] Inside GET profile
2020-05-25 01:24:24,570 WARN com.bootng.ProfileController [http-nio-8080-exec-1] Inside GET profile
2020-05-25 01:24:24,570 ERROR com.bootng.ProfileController [http-nio-8080-exec-1] Inside GET profile
2020-05-25 01:24:48,384 INFO com.bootng.RestApplication [main] Starting RestApplication on SIDDs-MacBook-Pro-P.local with PID 20427 (/Users/siddbhattacharjee/Siddhartharoot/SiddXCode/repo_2020_all/bootng/spring-boot-references/sping-boot-profiles/target/classes started by siddbhattacharjee in /Users/siddbhattacharjee/Siddhartharoot/SiddXCode/repo_2020_all/bootng/spring-boot-references/sping-boot-profiles)
2020-05-25 01:24:48,385 INFO com.bootng.RestApplication [main] The following profiles are active: dev
2020-05-25 01:24:49,087 INFO org.apache.catalina.core.StandardService [main] Starting service [Tomcat]
2020-05-25 01:24:49,087 INFO org.apache.catalina.core.StandardEngine [main] Starting Servlet engine: [Apache Tomcat/9.0.33]
2020-05-25 01:24:49,147 INFO org.apache.catalina.core.ContainerBase.[Tomcat].[localhost].[/] [main] Initializing Spring embedded WebApplicationContext
2020-05-25 01:24:49,532 INFO com.bootng.RestApplication [main] Started RestApplication in 1.601 seconds (JVM running for 1.871)
2020-05-25 01:24:49,533 INFO com.bootng.RestApplication [main] completed executing RestApplication.run()
2020-05-25 01:24:52,328 INFO org.apache.catalina.core.ContainerBase.[Tomcat].[localhost].[/] [http-nio-8080-exec-1] Initializing Spring DispatcherServlet 'dispatcherServlet'
2020-05-25 01:24:52,349 INFO com.bootng.ProfileController [http-nio-8080-exec-1] Inside GET profile
2020-05-25 01:24:52,349 WARN com.bootng.ProfileController [http-nio-8080-exec-1] Inside GET profile
2020-05-25 01:24:52,349 ERROR com.bootng.ProfileController [http-nio-8080-exec-1] Inside GET profile
2020-05-25 01:28:15,764 INFO com.bootng.RestApplication [main] Starting RestApplication on SIDDs-MacBook-Pro-P.local with PID 20468 (/Users/siddbhattacharjee/Siddhartharoot/SiddXCode/repo_2020_all/bootng/spring-boot-references/sping-boot-profiles/target/classes started by siddbhattacharjee in /Users/siddbhattacharjee/Siddhartharoot/SiddXCode/repo_2020_all/bootng/spring-boot-references/sping-boot-profiles)
2020-05-25 01:28:15,765 INFO com.bootng.RestApplication [main] The following profiles are active: dev
2020-05-25 01:28:16,414 INFO org.apache.catalina.core.StandardService [main] Starting service [Tomcat]
2020-05-25 01:28:16,415 INFO org.apache.catalina.core.StandardEngine [main] Starting Servlet engine: [Apache Tomcat/9.0.33]
2020-05-25 01:28:16,476 INFO org.apache.catalina.core.ContainerBase.[Tomcat].[localhost].[/] [main] Initializing Spring embedded WebApplicationContext
2020-05-25 01:28:16,803 INFO com.bootng.RestApplication [main] Started RestApplication in 1.464 seconds (JVM running for 1.727)
2020-05-25 01:28:16,804 INFO com.bootng.RestApplication [main] completed executing RestApplication.run()
2020-05-25 01:28:20,459 INFO org.apache.catalina.core.ContainerBase.[Tomcat].[localhost].[/] [http-nio-8080-exec-1] Initializing Spring DispatcherServlet 'dispatcherServlet'
2020-05-25 01:28:20,479 INFO com.bootng.ProfileController [http-nio-8080-exec-1] Inside GET profile
2020-05-25 01:28:20,479 WARN com.bootng.ProfileController [http-nio-8080-exec-1] Inside GET profile
2020-05-25 01:28:20,479 ERROR com.bootng.ProfileController [http-nio-8080-exec-1] Inside GET profile
2020-05-25 01:28:57,700 INFO com.bootng.RestApplication [main] Starting RestApplication on SIDDs-MacBook-Pro-P.local with PID 20495 (/Users/siddbhattacharjee/Siddhartharoot/SiddXCode/repo_2020_all/bootng/spring-boot-references/sping-boot-profiles/target/classes started by siddbhattacharjee in /Users/siddbhattacharjee/Siddhartharoot/SiddXCode/repo_2020_all/bootng/spring-boot-references/sping-boot-profiles)
2020-05-25 01:28:57,701 INFO com.bootng.RestApplication [main] The following profiles are active: prod
2020-05-25 01:28:58,409 INFO org.apache.catalina.core.StandardService [main] Starting service [Tomcat]
2020-05-25 01:28:58,409 INFO org.apache.catalina.core.StandardEngine [main] Starting Servlet engine: [Apache Tomcat/9.0.33]
2020-05-25 01:28:58,471 INFO org.apache.catalina.core.ContainerBase.[Tomcat].[localhost].[/] [main] Initializing Spring embedded WebApplicationContext
2020-05-25 01:28:58,827 INFO com.bootng.RestApplication [main] Started RestApplication in 1.428 seconds (JVM running for 1.713)
2020-05-25 01:28:58,828 INFO com.bootng.RestApplication [main] completed executing RestApplication.run()
2020-05-25 01:29:01,753 INFO org.apache.catalina.core.ContainerBase.[Tomcat].[localhost].[/] [http-nio-8080-exec-1] Initializing Spring DispatcherServlet 'dispatcherServlet'
2020-05-25 01:29:01,774 INFO com.bootng.ProfileController [http-nio-8080-exec-1] Inside GET profile
2020-05-25 01:29:01,774 WARN com.bootng.ProfileController [http-nio-8080-exec-1] Inside GET profile
2020-05-25 01:29:01,774 ERROR com.bootng.ProfileController [http-nio-8080-exec-1] Inside GET profile
2020-05-25 01:30:38,039 INFO com.bootng.RestApplication [main] Starting RestApplication on SIDDs-MacBook-Pro-P.local with PID 20527 (/Users/siddbhattacharjee/Siddhartharoot/SiddXCode/repo_2020_all/bootng/spring-boot-references/sping-boot-profiles/target/classes started by siddbhattacharjee in /Users/siddbhattacharjee/Siddhartharoot/SiddXCode/repo_2020_all/bootng/spring-boot-references/sping-boot-profiles)
2020-05-25 01:30:38,039 INFO com.bootng.RestApplication [main] The following profiles are active: prod
2020-05-25 01:30:38,731 INFO org.apache.catalina.core.StandardService [main] Starting service [Tomcat]
2020-05-25 01:30:38,731 INFO org.apache.catalina.core.StandardEngine [main] Starting Servlet engine: [Apache Tomcat/9.0.33]
2020-05-25 01:30:38,791 INFO org.apache.catalina.core.ContainerBase.[Tomcat].[localhost].[/] [main] Initializing Spring embedded WebApplicationContext
2020-05-25 01:30:39,149 INFO com.bootng.RestApplication [main] Started RestApplication in 1.593 seconds (JVM running for 1.864)
2020-05-25 01:30:39,150 INFO com.bootng.RestApplication [main] completed executing RestApplication.run()
2020-05-25 01:30:51,471 INFO com.bootng.RestApplication [main] Starting RestApplication on SIDDs-MacBook-Pro-P.local with PID 20551 (/Users/siddbhattacharjee/Siddhartharoot/SiddXCode/repo_2020_all/bootng/spring-boot-references/sping-boot-profiles/target/classes started by siddbhattacharjee in /Users/siddbhattacharjee/Siddhartharoot/SiddXCode/repo_2020_all/bootng/spring-boot-references/sping-boot-profiles)
2020-05-25 01:30:51,471 INFO com.bootng.RestApplication [main] The following profiles are active: dev
2020-05-25 01:30:52,130 INFO org.apache.catalina.core.StandardService [main] Starting service [Tomcat]
2020-05-25 01:30:52,131 INFO org.apache.catalina.core.StandardEngine [main] Starting Servlet engine: [Apache Tomcat/9.0.33]
2020-05-25 01:30:52,199 INFO org.apache.catalina.core.ContainerBase.[Tomcat].[localhost].[/] [main] Initializing Spring embedded WebApplicationContext
2020-05-25 01:30:52,540 INFO com.bootng.RestApplication [main] Started RestApplication in 1.377 seconds (JVM running for 1.641)
2020-05-25 01:30:52,541 INFO com.bootng.RestApplication [main] completed executing RestApplication.run()
2020-05-25 01:30:59,005 INFO org.apache.catalina.core.ContainerBase.[Tomcat].[localhost].[/] [http-nio-8080-exec-1] Initializing Spring DispatcherServlet 'dispatcherServlet'
2020-05-25 01:30:59,029 INFO com.bootng.ProfileController [http-nio-8080-exec-1] Inside GET profile
2020-05-25 01:30:59,030 WARN com.bootng.ProfileController [http-nio-8080-exec-1] Inside GET profile
2020-05-25 01:30:59,030 ERROR com.bootng.ProfileController [http-nio-8080-exec-1] Inside GET profile
2020-05-25 01:32:25,210 INFO com.bootng.RestApplication [main] Starting RestApplication on SIDDs-MacBook-Pro-P.local with PID 20583 (/Users/siddbhattacharjee/Siddhartharoot/SiddXCode/repo_2020_all/bootng/spring-boot-references/sping-boot-profiles/target/classes started by siddbhattacharjee in /Users/siddbhattacharjee/Siddhartharoot/SiddXCode/repo_2020_all/bootng/spring-boot-references/sping-boot-profiles)
2020-05-25 01:32:25,210 INFO com.bootng.RestApplication [main] The following profiles are active: prod
2020-05-25 01:32:25,921 INFO org.apache.catalina.core.StandardService [main] Starting service [Tomcat]
2020-05-25 01:32:25,922 INFO org.apache.catalina.core.StandardEngine [main] Starting Servlet engine: [Apache Tomcat/9.0.33]
2020-05-25 01:32:25,986 INFO org.apache.catalina.core.ContainerBase.[Tomcat].[localhost].[/] [main] Initializing Spring embedded WebApplicationContext
2020-05-25 01:32:26,358 INFO com.bootng.RestApplication [main] Started RestApplication in 1.448 seconds (JVM running for 1.719)
2020-05-25 01:32:26,359 INFO com.bootng.RestApplication [main] completed executing RestApplication.run()
2020-05-25 01:32:32,540 INFO org.apache.catalina.core.ContainerBase.[Tomcat].[localhost].[/] [http-nio-8080-exec-1] Initializing Spring DispatcherServlet 'dispatcherServlet'
2020-05-25 01:32:32,563 INFO com.bootng.ProfileController [http-nio-8080-exec-1] Inside GET profile
2020-05-25 01:32:32,564 WARN com.bootng.ProfileController [http-nio-8080-exec-1] Inside GET profile
2020-05-25 01:32:32,564 ERROR com.bootng.ProfileController [http-nio-8080-exec-1] Inside GET profile
2020-05-25 01:33:38,198 INFO com.bootng.RestApplication [main] Starting RestApplication on SIDDs-MacBook-Pro-P.local with PID 20616 (/Users/siddbhattacharjee/Siddhartharoot/SiddXCode/repo_2020_all/bootng/spring-boot-references/sping-boot-profiles/target/classes started by siddbhattacharjee in /Users/siddbhattacharjee/Siddhartharoot/SiddXCode/repo_2020_all/bootng/spring-boot-references/sping-boot-profiles)
2020-05-25 01:33:38,199 INFO com.bootng.RestApplication [main] The following profiles are active: prod
2020-05-25 01:33:38,910 INFO org.apache.catalina.core.StandardService [main] Starting service [Tomcat]
2020-05-25 01:33:38,911 INFO org.apache.catalina.core.StandardEngine [main] Starting Servlet engine: [Apache Tomcat/9.0.33]
2020-05-25 01:33:38,973 INFO org.apache.catalina.core.ContainerBase.[Tomcat].[localhost].[/] [main] Initializing Spring embedded WebApplicationContext
2020-05-25 01:33:39,348 INFO com.bootng.RestApplication [main] Started RestApplication in 1.582 seconds (JVM running for 1.846)
2020-05-25 01:33:39,349 INFO com.bootng.RestApplication [main] completed executing RestApplication.run()
2020-05-25 01:33:43,404 INFO org.apache.catalina.core.ContainerBase.[Tomcat].[localhost].[/] [http-nio-8080-exec-1] Initializing Spring DispatcherServlet 'dispatcherServlet'
2020-05-25 01:33:43,428 INFO com.bootng.ProfileController [http-nio-8080-exec-1] Inside GET profile
2020-05-25 01:33:43,428 WARN com.bootng.ProfileController [http-nio-8080-exec-1] Inside GET profile
2020-05-25 01:33:43,428 ERROR com.bootng.ProfileController [http-nio-8080-exec-1] Inside GET profile
2020-05-25 01:34:42,197 INFO com.bootng.RestApplication [main] Starting RestApplication on SIDDs-MacBook-Pro-P.local with PID 20644 (/Users/siddbhattacharjee/Siddhartharoot/SiddXCode/repo_2020_all/bootng/spring-boot-references/sping-boot-profiles/target/classes started by siddbhattacharjee in /Users/siddbhattacharjee/Siddhartharoot/SiddXCode/repo_2020_all/bootng/spring-boot-references/sping-boot-profiles)
2020-05-25 01:34:42,198 INFO com.bootng.RestApplication [main] The following profiles are active: prod
2020-05-25 01:34:42,973 INFO org.apache.catalina.core.StandardService [main] Starting service [Tomcat]
2020-05-25 01:34:42,974 INFO org.apache.catalina.core.StandardEngine [main] Starting Servlet engine: [Apache Tomcat/9.0.33]
2020-05-25 01:34:43,046 INFO org.apache.catalina.core.ContainerBase.[Tomcat].[localhost].[/] [main] Initializing Spring embedded WebApplicationContext
2020-05-25 01:34:43,413 INFO com.bootng.RestApplication [main] Started RestApplication in 1.621 seconds (JVM running for 1.93)
2020-05-25 01:34:43,414 INFO com.bootng.RestApplication [main] completed executing RestApplication.run()
2020-05-25 01:34:44,012 INFO org.apache.catalina.core.ContainerBase.[Tomcat].[localhost].[/] [http-nio-8080-exec-1] Initializing Spring DispatcherServlet 'dispatcherServlet'
2020-05-25 01:34:44,032 INFO com.bootng.ProfileController [http-nio-8080-exec-1] Inside GET profile
2020-05-25 01:34:44,032 WARN com.bootng.ProfileController [http-nio-8080-exec-1] Inside GET profile
2020-05-25 01:34:44,032 ERROR com.bootng.ProfileController [http-nio-8080-exec-1] Inside GET profile
2020-05-25 01:34:44,687 INFO com.bootng.ProfileController [http-nio-8080-exec-2] Inside GET profile
2020-05-25 01:34:44,688 WARN com.bootng.ProfileController [http-nio-8080-exec-2] Inside GET profile
2020-05-25 01:34:44,688 ERROR com.bootng.ProfileController [http-nio-8080-exec-2] Inside GET profile
2020-05-25 01:35:18,606 INFO com.bootng.RestApplication [main] Starting RestApplication on SIDDs-MacBook-Pro-P.local with PID 20670 (/Users/siddbhattacharjee/Siddhartharoot/SiddXCode/repo_2020_all/bootng/spring-boot-references/sping-boot-profiles/target/classes started by siddbhattacharjee in /Users/siddbhattacharjee/Siddhartharoot/SiddXCode/repo_2020_all/bootng/spring-boot-references/sping-boot-profiles)
2020-05-25 01:35:18,607 INFO com.bootng.RestApplication [main] The following profiles are active: dev
2020-05-25 01:35:19,324 INFO org.apache.catalina.core.StandardService [main] Starting service [Tomcat]
2020-05-25 01:35:19,325 INFO org.apache.catalina.core.StandardEngine [main] Starting Servlet engine: [Apache Tomcat/9.0.33]
2020-05-25 01:35:19,393 INFO org.apache.catalina.core.ContainerBase.[Tomcat].[localhost].[/] [main] Initializing Spring embedded WebApplicationContext
2020-05-25 01:35:19,745 INFO com.bootng.RestApplication [main] Started RestApplication in 1.46 seconds (JVM running for 1.786)
2020-05-25 01:35:19,746 INFO com.bootng.RestApplication [main] completed executing RestApplication.run()
2020-05-25 01:35:20,692 INFO org.apache.catalina.core.ContainerBase.[Tomcat].[localhost].[/] [http-nio-8080-exec-1] Initializing Spring DispatcherServlet 'dispatcherServlet'
2020-05-25 01:35:20,712 INFO com.bootng.ProfileController [http-nio-8080-exec-1] Inside GET profile
2020-05-25 01:35:20,712 WARN com.bootng.ProfileController [http-nio-8080-exec-1] Inside GET profile
2020-05-25 01:35:20,712 ERROR com.bootng.ProfileController [http-nio-8080-exec-1] Inside GET profile
2020-05-25 01:38:19,040 INFO com.bootng.RestApplication [main] Starting RestApplication on SIDDs-MacBook-Pro-P.local with PID 20711 (/Users/siddbhattacharjee/Siddhartharoot/SiddXCode/repo_2020_all/bootng/spring-boot-references/sping-boot-profiles/target/classes started by siddbhattacharjee in /Users/siddbhattacharjee/Siddhartharoot/SiddXCode/repo_2020_all/bootng/spring-boot-references/sping-boot-profiles)
2020-05-25 01:38:19,040 INFO com.bootng.RestApplication [main] The following profiles are active: dev
2020-05-25 01:38:19,756 INFO org.apache.catalina.core.StandardService [main] Starting service [Tomcat]
2020-05-25 01:38:19,757 INFO org.apache.catalina.core.StandardEngine [main] Starting Servlet engine: [Apache Tomcat/9.0.33]
2020-05-25 01:38:19,815 INFO org.apache.catalina.core.ContainerBase.[Tomcat].[localhost].[/] [main] Initializing Spring embedded WebApplicationContext
2020-05-25 01:38:20,191 INFO com.bootng.RestApplication [main] Started RestApplication in 1.586 seconds (JVM running for 1.858)
2020-05-25 01:38:20,192 INFO com.bootng.RestApplication [main] completed executing RestApplication.run()
2020-05-25 01:38:27,527 INFO org.apache.catalina.core.ContainerBase.[Tomcat].[localhost].[/] [http-nio-8080-exec-1] Initializing Spring DispatcherServlet 'dispatcherServlet'
2020-05-25 01:38:27,551 INFO com.bootng.ProfileController [http-nio-8080-exec-1] Inside GET profile
2020-05-25 01:38:27,551 WARN com.bootng.ProfileController [http-nio-8080-exec-1] Inside GET profile
2020-05-25 01:38:27,551 ERROR com.bootng.ProfileController [http-nio-8080-exec-1] Inside GET profile
